<?xml version="1.0" encoding="UTF-8"?>
<testng-results ignored="0" total="0" passed="0" failed="0" skipped="0">
  <reporter-output>
  </reporter-output>
  <suite started-at="2025-01-16T11:58:19 GMT-07:00" name="GoogleSearchSuite" finished-at="2025-01-16T11:58:19 GMT-07:00" duration-ms="319">
    <groups>
      <group name="cucumber">
        <method signature="AbstractTestNGCucumberTests.runScenario(io.cucumber.testng.PickleWrapper,io.cucumber.testng.FeatureWrapper)[pri:0, instance:runners.TestRunner@429bffaa]" name="runScenario" class="io.cucumber.testng.AbstractTestNGCucumberTests"/>
      </group> <!-- cucumber -->
    </groups>
    <test started-at="2025-01-16T11:58:19 GMT-07:00" name="GoogleSearchTests" finished-at="2025-01-16T11:58:19 GMT-07:00" duration-ms="319">
      <class name="runners.TestRunner">
        <test-method is-config="true" signature="setUpClass(org.testng.ITestContext)[pri:0, instance:runners.TestRunner@429bffaa]" started-at="2025-01-16T11:58:19 GMT-07:00" name="setUpClass" finished-at="2025-01-16T11:58:19 GMT-07:00" duration-ms="287" status="FAIL">
          <params>
            <param index="0">
              <value>
                <![CDATA[org.testng.TestRunner@3ce3db41]]>
              </value>
            </param>
          </params>
          <exception class="java.util.ServiceConfigurationError">
            <message>
              <![CDATA[io.cucumber.core.backend.ObjectFactory: io.cucumber.spring.SpringFactory Unable to get public no-arg constructor]]>
            </message>
            <full-stacktrace>
              <![CDATA[java.util.ServiceConfigurationError: io.cucumber.core.backend.ObjectFactory: io.cucumber.spring.SpringFactory Unable to get public no-arg constructor
at java.base/java.util.ServiceLoader.fail(ServiceLoader.java:582)
at java.base/java.util.ServiceLoader.getConstructor(ServiceLoader.java:675)
at java.base/java.util.ServiceLoader$LazyClassPathLookupIterator.hasNextService(ServiceLoader.java:1236)
at java.base/java.util.ServiceLoader$LazyClassPathLookupIterator.hasNext(ServiceLoader.java:1269)
at java.base/java.util.ServiceLoader$2.hasNext(ServiceLoader.java:1305)
at java.base/java.util.ServiceLoader$3.hasNext(ServiceLoader.java:1387)
at io.cucumber.core.runtime.ObjectFactoryServiceLoader.loadSingleObjectFactoryOrDefault(ObjectFactoryServiceLoader.java:55)
at io.cucumber.core.runtime.ObjectFactoryServiceLoader.loadObjectFactory(ObjectFactoryServiceLoader.java:43)
at java.base/java.lang.ThreadLocal$SuppliedThreadLocal.initialValue(ThreadLocal.java:357)
at java.base/java.lang.ThreadLocal.setInitialValue(ThreadLocal.java:225)
at java.base/java.lang.ThreadLocal.get(ThreadLocal.java:194)
at java.base/java.lang.ThreadLocal.get(ThreadLocal.java:172)
at io.cucumber.core.runtime.ThreadLocalObjectFactorySupplier.get(ThreadLocalObjectFactorySupplier.java:18)
at io.cucumber.core.runtime.BackendServiceLoader.loadBackends(BackendServiceLoader.java:48)
at io.cucumber.core.runtime.BackendServiceLoader.get(BackendServiceLoader.java:37)
at io.cucumber.core.runtime.BackendServiceLoader.get(BackendServiceLoader.java:33)
at io.cucumber.core.runtime.ThreadLocalRunnerSupplier.createRunner(ThreadLocalRunnerSupplier.java:46)
at java.base/java.lang.ThreadLocal$SuppliedThreadLocal.initialValue(ThreadLocal.java:357)
at java.base/java.lang.ThreadLocal.setInitialValue(ThreadLocal.java:225)
at java.base/java.lang.ThreadLocal.get(ThreadLocal.java:194)
at java.base/java.lang.ThreadLocal.get(ThreadLocal.java:172)
at io.cucumber.core.runtime.ThreadLocalRunnerSupplier.get(ThreadLocalRunnerSupplier.java:40)
at io.cucumber.core.runtime.RethrowingThrowableCollector.executeAndThrow(RethrowingThrowableCollector.java:35)
at io.cucumber.core.runtime.CucumberExecutionContext.getRunner(CucumberExecutionContext.java:140)
at io.cucumber.core.runtime.CucumberExecutionContext.runBeforeAllHooks(CucumberExecutionContext.java:92)
at io.cucumber.testng.TestNGCucumberRunner.<init>(TestNGCucumberRunner.java:127)
at io.cucumber.testng.AbstractTestNGCucumberTests.setUpClass(AbstractTestNGCucumberTests.java:27)
at java.base/jdk.internal.reflect.DirectMethodHandleAccessor.invoke(DirectMethodHandleAccessor.java:103)
at java.base/java.lang.reflect.Method.invoke(Method.java:580)
at org.testng.internal.invokers.MethodInvocationHelper.invokeMethod(MethodInvocationHelper.java:139)
at org.testng.internal.invokers.MethodInvocationHelper.invokeMethodConsideringTimeout(MethodInvocationHelper.java:69)
at org.testng.internal.invokers.ConfigInvoker.invokeConfigurationMethod(ConfigInvoker.java:390)
at org.testng.internal.invokers.ConfigInvoker.invokeConfigurations(ConfigInvoker.java:325)
at org.testng.internal.invokers.TestMethodWorker.invokeBeforeClassMethods(TestMethodWorker.java:180)
at org.testng.internal.invokers.TestMethodWorker.run(TestMethodWorker.java:122)
at java.base/java.util.ArrayList.forEach(ArrayList.java:1597)
at org.testng.TestRunner.privateRun(TestRunner.java:848)
at org.testng.TestRunner.run(TestRunner.java:621)
at org.testng.SuiteRunner.runTest(SuiteRunner.java:443)
at org.testng.SuiteRunner.runSequentially(SuiteRunner.java:437)
at org.testng.SuiteRunner.privateRun(SuiteRunner.java:397)
at org.testng.SuiteRunner.run(SuiteRunner.java:336)
at org.testng.SuiteRunnerWorker.runSuite(SuiteRunnerWorker.java:52)
at org.testng.SuiteRunnerWorker.run(SuiteRunnerWorker.java:95)
at org.testng.TestNG.runSuitesSequentially(TestNG.java:1280)
at org.testng.TestNG.runSuitesLocally(TestNG.java:1200)
at org.testng.TestNG.runSuites(TestNG.java:1114)
at org.testng.TestNG.run(TestNG.java:1082)
at org.testng.remote.AbstractRemoteTestNG.run(AbstractRemoteTestNG.java:115)
at org.testng.remote.RemoteTestNG.initAndRun(RemoteTestNG.java:293)
at org.testng.remote.RemoteTestNG.main(RemoteTestNG.java:91)
Caused by: java.lang.NoClassDefFoundError: org/springframework/beans/BeansException
at java.base/java.lang.Class.getDeclaredConstructors0(Native Method)
at java.base/java.lang.Class.privateGetDeclaredConstructors(Class.java:3621)
at java.base/java.lang.Class.getConstructor0(Class.java:3826)
at java.base/java.lang.Class.getConstructor(Class.java:2501)
at java.base/java.util.ServiceLoader$1.run(ServiceLoader.java:662)
at java.base/java.util.ServiceLoader$1.run(ServiceLoader.java:659)
at java.base/java.security.AccessController.doPrivileged(AccessController.java:571)
at java.base/java.util.ServiceLoader.getConstructor(ServiceLoader.java:670)
... 49 more
Caused by: java.lang.ClassNotFoundException: org.springframework.beans.BeansException
at java.base/jdk.internal.loader.BuiltinClassLoader.loadClass(BuiltinClassLoader.java:641)
at java.base/jdk.internal.loader.ClassLoaders$AppClassLoader.loadClass(ClassLoaders.java:188)
at java.base/java.lang.ClassLoader.loadClass(ClassLoader.java:528)
... 57 more
]]>
            </full-stacktrace>
          </exception> <!-- java.util.ServiceConfigurationError -->
          <reporter-output>
          </reporter-output>
        </test-method> <!-- setUpClass -->
        <test-method is-config="true" signature="tearDownClass()[pri:0, instance:runners.TestRunner@429bffaa]" started-at="2025-01-16T11:58:19 GMT-07:00" name="tearDownClass" finished-at="2025-01-16T11:58:19 GMT-07:00" duration-ms="1" status="PASS">
          <reporter-output>
          </reporter-output>
        </test-method> <!-- tearDownClass -->
      </class> <!-- runners.TestRunner -->
    </test> <!-- GoogleSearchTests -->
  </suite> <!-- GoogleSearchSuite -->
</testng-results>
